<?xml version="1.0" encoding="UTF-8"?>
<testng-results ignored="0" total="1" passed="1" failed="0" skipped="0">
  <reporter-output>
  </reporter-output>
  <suite started-at="2022-05-04T20:14:22Z" name="Default suite" finished-at="2022-05-04T20:14:24Z" duration-ms="2113">
    <groups>
    </groups>
    <test started-at="2022-05-04T20:14:22Z" name="Default test" finished-at="2022-05-04T20:14:24Z" duration-ms="2113">
      <class name="testCasesDatePicker.testsDatePicker">
        <test-method is-config="true" signature="setUp()[pri:0, instance:testCasesDatePicker.testsDatePicker@65e7f52a]" started-at="2022-05-04T20:14:22Z" name="setUp" finished-at="2022-05-04T20:14:22Z" duration-ms="191" status="PASS">
          <reporter-output>
          </reporter-output>
        </test-method> <!-- setUp -->
        <test-method signature="datePickerTest1()[pri:0, instance:testCasesDatePicker.testsDatePicker@65e7f52a]" started-at="2022-05-04T20:14:22Z" name="datePickerTest1" finished-at="2022-05-04T20:14:24Z" duration-ms="1906" status="PASS">
          <reporter-output>
          </reporter-output>
        </test-method> <!-- datePickerTest1 -->
      </class> <!-- testCasesDatePicker.testsDatePicker -->
    </test> <!-- Default test -->
  </suite> <!-- Default suite -->
</testng-results>
