<?xml version="1.0" encoding="UTF-8"?>
<testng-results ignored="5" total="6" passed="1" failed="0" skipped="0">
  <reporter-output>
  </reporter-output>
  <suite started-at="2022-04-11T07:44:36Z" name="Default suite" finished-at="2022-04-11T07:44:40Z" duration-ms="3676">
    <groups>
    </groups>
    <test started-at="2022-04-11T07:44:36Z" name="Default test" finished-at="2022-04-11T07:44:40Z" duration-ms="3676">
      <class name="testCasesTakeALot.Tests">
        <test-method signature="GIVEN_shopperIsOnTheLandingPage_WHEN_shopperEntersHillsasTheSearchString_AND_shopperClicksTheSearchButton_THEN_HillsIsDisplayedAsTheThirdItem()[pri:0, instance:testCasesTakeALot.Tests@1d7f7be7]" started-at="2022-04-11T07:44:36Z" name="GIVEN_shopperIsOnTheLandingPage_WHEN_shopperEntersHillsasTheSearchString_AND_shopperClicksTheSearchButton_THEN_HillsIsDisplayedAsTheThirdItem" finished-at="2022-04-11T07:44:40Z" duration-ms="3656" status="PASS">
          <reporter-output>
          </reporter-output>
        </test-method> <!-- GIVEN_shopperIsOnTheLandingPage_WHEN_shopperEntersHillsasTheSearchString_AND_shopperClicksTheSearchButton_THEN_HillsIsDisplayedAsTheThirdItem -->
      </class> <!-- testCasesTakeALot.Tests -->
    </test> <!-- Default test -->
  </suite> <!-- Default suite -->
</testng-results>
