<?xml version="1.0" encoding="UTF-8"?>
<!-- Generated by org.testng.reporters.JUnitXMLReporter -->
<testsuite ignored="0" hostname="YolandeH-Dell2" failures="0" tests="2" name="All TakeALot Test Cases" time="29.162" errors="0" timestamp="26 Apr 2022 20:09:19 GMT">
  <testcase classname="testCasesTakeALot.SingleTestForTestNGTesting" name="GIVEN_shopperOnLandingPage_WHEN_productSelectedFromExcel_THEN_addsToCart" time="12.536"/>
  <testcase classname="testCasesTakeALot.SingleTestForTestNGTesting" name="GIVEN_shopperOnLandingPage_WHEN_productSelectedFromExcel_THEN_addsToCart" time="14.262"/>
</testsuite> <!-- All TakeALot Test Cases -->
