<?xml version="1.0" encoding="UTF-8"?>
<!-- Generated by org.testng.reporters.JUnitXMLReporter -->
<testsuite ignored="3" hostname="YolandeH-Dell2" failures="0" tests="1" name="Default test" time="4.627" errors="0" timestamp="10 Apr 2022 11:24:23 GMT">
  <testcase classname="testCasesTakeALot.Tests" name="GIVEN_shopperIsOnTheLandingPage_WHEN_shopperEntersDKNYasTheSearchString_AND_shopperClicksTheSearchButton_THEN_DKNYBeDelicious50mlIsDisplayedAsTheFirstItem" time="4.61"/>
  <testcase classname="testCasesTakeALot.Tests" name="GIVEN_shopperIsOnTheLandingPage_WHEN_shopperClicksOnDailyDeals_THEN_checkURL_AND_checkFirstItem" time="0.0">
    <ignored/>
  </testcase> <!-- GIVEN_shopperIsOnTheLandingPage_WHEN_shopperClicksOnDailyDeals_THEN_checkURL_AND_checkFirstItem -->
  <testcase classname="testCasesTakeALot.Tests" name="GIVEN_shopperSelectedItem_WHEN_shopperAddsItemToCart_AND_shopperNavigatesToCart_THEN_checkThatItemIsAddedToCart" time="0.0">
    <ignored/>
  </testcase> <!-- GIVEN_shopperSelectedItem_WHEN_shopperAddsItemToCart_AND_shopperNavigatesToCart_THEN_checkThatItemIsAddedToCart -->
  <testcase classname="testCasesTakeALot.Tests" name="GIVEN_shopperIsOnTheLandingPage_WHEN_shopperClicksCartButton_THEN_ChecksThatShopperIsOnCartPage_THEN_CheckThatCartIsEmpty" time="0.0">
    <ignored/>
  </testcase> <!-- GIVEN_shopperIsOnTheLandingPage_WHEN_shopperClicksCartButton_THEN_ChecksThatShopperIsOnCartPage_THEN_CheckThatCartIsEmpty -->
</testsuite> <!-- Default test -->
