<?xml version="1.0" encoding="UTF-8"?>
<!-- Generated by org.testng.reporters.JUnitXMLReporter -->
<testsuite ignored="5" hostname="YolandeH-Dell2" failures="0" tests="1" name="Default test" time="7.301" errors="0" timestamp="13 Apr 2022 20:41:18 GMT">
  <testcase classname="testCasesTakeALot.Tests" name="GIVEN_shopperIsOnTheLandingPage_WHEN_shopperEntersHillsasTheSearchString_AND_shopperClicksTheSearchButton_THEN_HillsIsDisplayedAsTheThirdItem" time="6.831"/>
  <testcase classname="testCasesTakeALot.Tests" name="GIVEN_shopperIsOnTheLandingPage_WHEN_shopperClicksOnDailyDeals_THEN_checkURL_AND_checkFirstItem" time="0.0">
    <ignored/>
  </testcase> <!-- GIVEN_shopperIsOnTheLandingPage_WHEN_shopperClicksOnDailyDeals_THEN_checkURL_AND_checkFirstItem -->
  <testcase classname="testCasesTakeALot.Tests" name="GIVEN_shopperSelectedItem_WHEN_shopperAddsItemToCart_AND_shopperNavigatesToCart_THEN_checkThatItemIsAddedToCart" time="0.0">
    <ignored/>
  </testcase> <!-- GIVEN_shopperSelectedItem_WHEN_shopperAddsItemToCart_AND_shopperNavigatesToCart_THEN_checkThatItemIsAddedToCart -->
  <testcase classname="testCasesTakeALot.Tests" name="GIVEN_shopperIsOnTheLandingPage_WHEN_shopperClicksCartButton_THEN_ChecksThatShopperIsOnCartPage_THEN_CheckThatCartIsEmpty" time="0.0">
    <ignored/>
  </testcase> <!-- GIVEN_shopperIsOnTheLandingPage_WHEN_shopperClicksCartButton_THEN_ChecksThatShopperIsOnCartPage_THEN_CheckThatCartIsEmpty -->
  <testcase classname="testCasesTakeALot.Tests" name="GIVEN_shopperIsOnTheLandingPage_WHEN_shopperEntersDKNYasTheSearchString_AND_shopperClicksTheSearchButton_THEN_DKNYBeDelicious50mlIsDisplayedAsTheFirstItem" time="0.0">
    <ignored/>
  </testcase> <!-- GIVEN_shopperIsOnTheLandingPage_WHEN_shopperEntersDKNYasTheSearchString_AND_shopperClicksTheSearchButton_THEN_DKNYBeDelicious50mlIsDisplayedAsTheFirstItem -->
  <testcase classname="testCasesTakeALot.Tests" name="GIVEN_shopperIsOnTheLandingPage_WHEN_shopperEntersHillsasTheSearchString_AND_shopperClicksTheSearchButton_THEN_HillsIsDisplayedAsTheSecondItem" time="0.0">
    <ignored/>
  </testcase> <!-- GIVEN_shopperIsOnTheLandingPage_WHEN_shopperEntersHillsasTheSearchString_AND_shopperClicksTheSearchButton_THEN_HillsIsDisplayedAsTheSecondItem -->
</testsuite> <!-- Default test -->
